2025-02-27 18:35:43,593 - INFO - Đang tải file JSON: data/sinhvien.json
2025-02-27 18:35:43,594 - INFO - Đã tải dữ liệu sinh viên từ data/sinhvien.json
2025-02-27 18:35:43,594 - INFO - Đang tải file JSON: data/khoa.json
2025-02-27 18:35:43,594 - INFO - Đã tải dữ liệu khoa từ data/khoa.json
2025-02-27 18:35:43,594 - INFO - Đang tải file JSON: data/chuongtrinh.json
2025-02-27 18:35:43,594 - INFO - Đã tải dữ liệu chương trình từ data/chuongtrinh.json
2025-02-27 18:35:43,594 - INFO - Đang tải file JSON: data/tinhtrang.json
2025-02-27 18:35:43,594 - INFO - Đã tải dữ liệu tình trạng từ data/tinhtrang.json
2025-02-27 18:35:43,594 - INFO - Đã tải dữ liệu sinh viên từ data/sinhvien.json
2025-02-27 18:35:43,594 - INFO - Đang tải file JSON: data/khoa.json
2025-02-27 18:35:43,594 - INFO - Đã tải dữ liệu khoa từ data/khoa.json
2025-02-27 18:35:43,594 - INFO - Đang tải file JSON: data/chuongtrinh.json
2025-02-27 18:35:43,594 - INFO - Đã tải dữ liệu chương trình từ data/chuongtrinh.json
2025-02-27 18:35:43,594 - INFO - Đang tải file JSON: data/tinhtrang.json
2025-02-27 18:35:43,594 - INFO - Đã tải dữ liệu tình trạng từ data/tinhtrang.json
2025-02-27 18:35:45,673 - INFO - Đang tải file JSON: data/sinhvien.json
2025-02-27 18:35:45,675 - INFO - Đã tải dữ liệu sinh viên từ data/sinhvien.json
2025-02-27 18:35:45,675 - INFO - Đang tải file JSON: data/khoa.json
2025-02-27 18:35:45,675 - INFO - Đã tải dữ liệu khoa từ data/khoa.json
2025-02-27 18:35:45,675 - INFO - Đang tải file JSON: data/chuongtrinh.json
2025-02-27 18:35:45,675 - INFO - Đã tải dữ liệu chương trình từ data/chuongtrinh.json
2025-02-27 18:35:45,675 - INFO - Đang tải file JSON: data/tinhtrang.json
2025-02-27 18:35:45,675 - INFO - Đã tải dữ liệu tình trạng từ data/tinhtrang.json
2025-02-27 18:35:45,675 - INFO - Đã tải dữ liệu sinh viên từ data/sinhvien.json
2025-02-27 18:35:45,675 - INFO - Đang tải file JSON: data/khoa.json
2025-02-27 18:35:45,675 - INFO - Đã tải dữ liệu khoa từ data/khoa.json
2025-02-27 18:35:45,675 - INFO - Đang tải file JSON: data/chuongtrinh.json
2025-02-27 18:35:45,675 - INFO - Đã tải dữ liệu chương trình từ data/chuongtrinh.json
2025-02-27 18:35:45,675 - INFO - Đang tải file JSON: data/tinhtrang.json
2025-02-27 18:35:45,675 - INFO - Đã tải dữ liệu tình trạng từ data/tinhtrang.json
2025-02-27 18:35:50,729 - INFO - Đang tải file JSON: data/sinhvien.json
2025-02-27 18:35:50,730 - INFO - Đã tải dữ liệu sinh viên từ data/sinhvien.json
2025-02-27 18:35:50,730 - INFO - Đang tải file JSON: data/khoa.json
2025-02-27 18:35:50,730 - INFO - Đã tải dữ liệu khoa từ data/khoa.json
2025-02-27 18:35:50,730 - INFO - Đang tải file JSON: data/chuongtrinh.json
2025-02-27 18:35:50,730 - INFO - Đã tải dữ liệu chương trình từ data/chuongtrinh.json
2025-02-27 18:35:50,731 - INFO - Đang tải file JSON: data/tinhtrang.json
2025-02-27 18:35:50,731 - INFO - Đã tải dữ liệu tình trạng từ data/tinhtrang.json
2025-02-27 18:35:50,731 - INFO - Đã tải dữ liệu sinh viên từ data/sinhvien.json
2025-02-27 18:35:50,731 - INFO - Đang tải file JSON: data/khoa.json
2025-02-27 18:35:50,731 - INFO - Đã tải dữ liệu khoa từ data/khoa.json
2025-02-27 18:35:50,731 - INFO - Đang tải file JSON: data/chuongtrinh.json
2025-02-27 18:35:50,731 - INFO - Đã tải dữ liệu chương trình từ data/chuongtrinh.json
2025-02-27 18:35:50,731 - INFO - Đang tải file JSON: data/tinhtrang.json
2025-02-27 18:35:50,731 - INFO - Đã tải dữ liệu tình trạng từ data/tinhtrang.json
2025-02-27 18:35:52,304 - INFO - Đang tải file JSON: data/sinhvien.json
2025-02-27 18:35:52,304 - INFO - Đã tải dữ liệu sinh viên từ data/sinhvien.json
2025-02-27 18:35:52,305 - INFO - Đang tải file JSON: data/khoa.json
2025-02-27 18:35:52,305 - INFO - Đã tải dữ liệu khoa từ data/khoa.json
2025-02-27 18:35:52,305 - INFO - Đang tải file JSON: data/chuongtrinh.json
2025-02-27 18:35:52,305 - INFO - Đã tải dữ liệu chương trình từ data/chuongtrinh.json
2025-02-27 18:35:52,305 - INFO - Đang tải file JSON: data/tinhtrang.json
2025-02-27 18:35:52,305 - INFO - Đã tải dữ liệu tình trạng từ data/tinhtrang.json
2025-02-27 18:35:52,305 - INFO - Đã tải dữ liệu sinh viên từ data/sinhvien.json
2025-02-27 18:35:52,305 - INFO - Đang tải file JSON: data/khoa.json
2025-02-27 18:35:52,305 - INFO - Đã tải dữ liệu khoa từ data/khoa.json
2025-02-27 18:35:52,305 - INFO - Đang tải file JSON: data/chuongtrinh.json
2025-02-27 18:35:52,306 - INFO - Đã tải dữ liệu chương trình từ data/chuongtrinh.json
2025-02-27 18:35:52,306 - INFO - Đang tải file JSON: data/tinhtrang.json
2025-02-27 18:35:52,306 - INFO - Đã tải dữ liệu tình trạng từ data/tinhtrang.json
2025-02-27 18:40:02,195 - INFO - Đang tải file JSON: data/sinhvien.json
2025-02-27 18:40:02,196 - INFO - Đã tải dữ liệu sinh viên từ data/sinhvien.json
2025-02-27 18:40:02,196 - INFO - Đang tải file JSON: data/khoa.json
2025-02-27 18:40:02,197 - INFO - Đã tải dữ liệu khoa từ data/khoa.json
2025-02-27 18:40:02,197 - INFO - Đang tải file JSON: data/chuongtrinh.json
2025-02-27 18:40:02,197 - INFO - Đã tải dữ liệu chương trình từ data/chuongtrinh.json
2025-02-27 18:40:02,197 - INFO - Đang tải file JSON: data/tinhtrang.json
2025-02-27 18:40:02,197 - INFO - Đã tải dữ liệu tình trạng từ data/tinhtrang.json
2025-02-27 18:40:02,197 - INFO - Đã tải dữ liệu sinh viên từ data/sinhvien.json
2025-02-27 18:40:02,197 - INFO - Đang tải file JSON: data/khoa.json
2025-02-27 18:40:02,197 - INFO - Đã tải dữ liệu khoa từ data/khoa.json
2025-02-27 18:40:02,197 - INFO - Đang tải file JSON: data/chuongtrinh.json
2025-02-27 18:40:02,197 - INFO - Đã tải dữ liệu chương trình từ data/chuongtrinh.json
2025-02-27 18:40:02,197 - INFO - Đang tải file JSON: data/tinhtrang.json
2025-02-27 18:40:02,197 - INFO - Đã tải dữ liệu tình trạng từ data/tinhtrang.json
2025-02-27 18:40:04,450 - INFO - Đang tải file JSON: data/sinhvien.json
2025-02-27 18:40:04,451 - INFO - Đã tải dữ liệu sinh viên từ data/sinhvien.json
2025-02-27 18:40:04,451 - INFO - Đang tải file JSON: data/khoa.json
2025-02-27 18:40:04,451 - INFO - Đã tải dữ liệu khoa từ data/khoa.json
2025-02-27 18:40:04,451 - INFO - Đang tải file JSON: data/chuongtrinh.json
2025-02-27 18:40:04,451 - INFO - Đã tải dữ liệu chương trình từ data/chuongtrinh.json
2025-02-27 18:40:04,451 - INFO - Đang tải file JSON: data/tinhtrang.json
2025-02-27 18:40:04,451 - INFO - Đã tải dữ liệu tình trạng từ data/tinhtrang.json
2025-02-27 18:40:04,451 - INFO - Đã tải dữ liệu sinh viên từ data/sinhvien.json
2025-02-27 18:40:04,452 - INFO - Đang tải file JSON: data/khoa.json
2025-02-27 18:40:04,452 - INFO - Đã tải dữ liệu khoa từ data/khoa.json
2025-02-27 18:40:04,452 - INFO - Đang tải file JSON: data/chuongtrinh.json
2025-02-27 18:40:04,452 - INFO - Đã tải dữ liệu chương trình từ data/chuongtrinh.json
2025-02-27 18:40:04,452 - INFO - Đang tải file JSON: data/tinhtrang.json
2025-02-27 18:40:04,452 - INFO - Đã tải dữ liệu tình trạng từ data/tinhtrang.json
2025-02-27 18:40:04,453 - INFO - Đã hiển thị danh sách sinh viên.
2025-02-27 18:40:19,133 - INFO - Đang tải file JSON: data/sinhvien.json
2025-02-27 18:40:19,133 - INFO - Đã tải dữ liệu sinh viên từ data/sinhvien.json
2025-02-27 18:40:19,133 - INFO - Đang tải file JSON: data/khoa.json
2025-02-27 18:40:19,133 - INFO - Đã tải dữ liệu khoa từ data/khoa.json
2025-02-27 18:40:19,134 - INFO - Đang tải file JSON: data/chuongtrinh.json
2025-02-27 18:40:19,134 - INFO - Đã tải dữ liệu chương trình từ data/chuongtrinh.json
2025-02-27 18:40:19,134 - INFO - Đang tải file JSON: data/tinhtrang.json
2025-02-27 18:40:19,134 - INFO - Đã tải dữ liệu tình trạng từ data/tinhtrang.json
2025-02-27 18:40:19,134 - INFO - Đã tải dữ liệu sinh viên từ data/sinhvien.json
2025-02-27 18:40:19,134 - INFO - Đang tải file JSON: data/khoa.json
2025-02-27 18:40:19,134 - INFO - Đã tải dữ liệu khoa từ data/khoa.json
2025-02-27 18:40:19,134 - INFO - Đang tải file JSON: data/chuongtrinh.json
2025-02-27 18:40:19,134 - INFO - Đã tải dữ liệu chương trình từ data/chuongtrinh.json
2025-02-27 18:40:19,134 - INFO - Đang tải file JSON: data/tinhtrang.json
2025-02-27 18:40:19,134 - INFO - Đã tải dữ liệu tình trạng từ data/tinhtrang.json
2025-02-27 18:40:27,926 - INFO - Đang tải file JSON: data/sinhvien.json
2025-02-27 18:40:27,926 - INFO - Đã tải dữ liệu sinh viên từ data/sinhvien.json
2025-02-27 18:40:27,926 - INFO - Đang tải file JSON: data/khoa.json
2025-02-27 18:40:27,926 - INFO - Đã tải dữ liệu khoa từ data/khoa.json
2025-02-27 18:40:27,927 - INFO - Đang tải file JSON: data/chuongtrinh.json
2025-02-27 18:40:27,927 - INFO - Đã tải dữ liệu chương trình từ data/chuongtrinh.json
2025-02-27 18:40:27,927 - INFO - Đang tải file JSON: data/tinhtrang.json
2025-02-27 18:40:27,927 - INFO - Đã tải dữ liệu tình trạng từ data/tinhtrang.json
2025-02-27 18:40:27,927 - INFO - Đã tải dữ liệu sinh viên từ data/sinhvien.json
2025-02-27 18:40:27,927 - INFO - Đang tải file JSON: data/khoa.json
2025-02-27 18:40:27,927 - INFO - Đã tải dữ liệu khoa từ data/khoa.json
2025-02-27 18:40:27,927 - INFO - Đang tải file JSON: data/chuongtrinh.json
2025-02-27 18:40:27,927 - INFO - Đã tải dữ liệu chương trình từ data/chuongtrinh.json
2025-02-27 18:40:27,927 - INFO - Đang tải file JSON: data/tinhtrang.json
2025-02-27 18:40:27,927 - INFO - Đã tải dữ liệu tình trạng từ data/tinhtrang.json
2025-02-27 18:40:58,706 - INFO - Đang tải file JSON: data/sinhvien.json
2025-02-27 18:40:58,706 - INFO - Đã tải dữ liệu sinh viên từ data/sinhvien.json
2025-02-27 18:40:58,706 - INFO - Đang tải file JSON: data/khoa.json
2025-02-27 18:40:58,706 - INFO - Đã tải dữ liệu khoa từ data/khoa.json
2025-02-27 18:40:58,706 - INFO - Đang tải file JSON: data/chuongtrinh.json
2025-02-27 18:40:58,706 - INFO - Đã tải dữ liệu chương trình từ data/chuongtrinh.json
2025-02-27 18:40:58,706 - INFO - Đang tải file JSON: data/tinhtrang.json
2025-02-27 18:40:58,706 - INFO - Đã tải dữ liệu tình trạng từ data/tinhtrang.json
2025-02-27 18:40:58,706 - INFO - Đã tải dữ liệu sinh viên từ data/sinhvien.json
2025-02-27 18:40:58,706 - INFO - Đang tải file JSON: data/khoa.json
2025-02-27 18:40:58,706 - INFO - Đã tải dữ liệu khoa từ data/khoa.json
2025-02-27 18:40:58,706 - INFO - Đang tải file JSON: data/chuongtrinh.json
2025-02-27 18:40:58,706 - INFO - Đã tải dữ liệu chương trình từ data/chuongtrinh.json
2025-02-27 18:40:58,706 - INFO - Đang tải file JSON: data/tinhtrang.json
2025-02-27 18:40:58,706 - INFO - Đã tải dữ liệu tình trạng từ data/tinhtrang.json
2025-02-27 18:40:58,715 - INFO - Ngày sinh hợp lệ: 27/02/2025
2025-02-27 18:40:58,715 - WARNING - Email không hợp lệ: vlvtu22@gmail.com
2025-02-27 18:40:58,715 - WARNING - Email không hợp lệ.
2025-02-27 18:52:35,880 - INFO - Đang tải file JSON: data/sinhvien.json
2025-02-27 18:52:35,881 - INFO - Đã tải dữ liệu sinh viên từ data/sinhvien.json
2025-02-27 18:52:35,881 - INFO - Đang tải file JSON: data/khoa.json
2025-02-27 18:52:35,881 - INFO - Đã tải dữ liệu khoa từ data/khoa.json
2025-02-27 18:52:35,881 - INFO - Đang tải file JSON: data/chuongtrinh.json
2025-02-27 18:52:35,881 - INFO - Đã tải dữ liệu chương trình từ data/chuongtrinh.json
2025-02-27 18:52:35,882 - INFO - Đang tải file JSON: data/tinhtrang.json
2025-02-27 18:52:35,882 - INFO - Đã tải dữ liệu tình trạng từ data/tinhtrang.json
2025-02-27 18:52:35,882 - INFO - Đã tải dữ liệu sinh viên từ data/sinhvien.json
2025-02-27 18:52:35,882 - INFO - Đang tải file JSON: data/khoa.json
2025-02-27 18:52:35,882 - INFO - Đã tải dữ liệu khoa từ data/khoa.json
2025-02-27 18:52:35,882 - INFO - Đang tải file JSON: data/chuongtrinh.json
2025-02-27 18:52:35,882 - INFO - Đã tải dữ liệu chương trình từ data/chuongtrinh.json
2025-02-27 18:52:35,882 - INFO - Đang tải file JSON: data/tinhtrang.json
2025-02-27 18:52:35,882 - INFO - Đã tải dữ liệu tình trạng từ data/tinhtrang.json
2025-02-27 18:52:35,886 - INFO - Ngày sinh hợp lệ: 27/02/2025
2025-02-27 18:52:35,886 - WARNING - Email không hợp lệ: vlvtu22@gmail.com
2025-02-27 18:52:35,886 - WARNING - Email không hợp lệ.
2025-02-27 18:52:44,501 - INFO - Đang tải file JSON: data/sinhvien.json
2025-02-27 18:52:44,501 - INFO - Đã tải dữ liệu sinh viên từ data/sinhvien.json
2025-02-27 18:52:44,501 - INFO - Đang tải file JSON: data/khoa.json
2025-02-27 18:52:44,501 - INFO - Đã tải dữ liệu khoa từ data/khoa.json
2025-02-27 18:52:44,501 - INFO - Đang tải file JSON: data/chuongtrinh.json
2025-02-27 18:52:44,501 - INFO - Đã tải dữ liệu chương trình từ data/chuongtrinh.json
2025-02-27 18:52:44,501 - INFO - Đang tải file JSON: data/tinhtrang.json
2025-02-27 18:52:44,501 - INFO - Đã tải dữ liệu tình trạng từ data/tinhtrang.json
2025-02-27 18:52:44,501 - INFO - Đã tải dữ liệu sinh viên từ data/sinhvien.json
2025-02-27 18:52:44,501 - INFO - Đang tải file JSON: data/khoa.json
2025-02-27 18:52:44,501 - INFO - Đã tải dữ liệu khoa từ data/khoa.json
2025-02-27 18:52:44,501 - INFO - Đang tải file JSON: data/chuongtrinh.json
2025-02-27 18:52:44,501 - INFO - Đã tải dữ liệu chương trình từ data/chuongtrinh.json
2025-02-27 18:52:44,501 - INFO - Đang tải file JSON: data/tinhtrang.json
2025-02-27 18:52:44,503 - INFO - Đã tải dữ liệu tình trạng từ data/tinhtrang.json
2025-02-27 18:52:44,503 - INFO - Đã hiển thị danh sách sinh viên.
2025-02-27 18:52:48,716 - INFO - Đang tải file JSON: data/sinhvien.json
2025-02-27 18:52:48,716 - INFO - Đã tải dữ liệu sinh viên từ data/sinhvien.json
2025-02-27 18:52:48,716 - INFO - Đang tải file JSON: data/khoa.json
2025-02-27 18:52:48,717 - INFO - Đã tải dữ liệu khoa từ data/khoa.json
2025-02-27 18:52:48,717 - INFO - Đang tải file JSON: data/chuongtrinh.json
2025-02-27 18:52:48,717 - INFO - Đã tải dữ liệu chương trình từ data/chuongtrinh.json
2025-02-27 18:52:48,717 - INFO - Đang tải file JSON: data/tinhtrang.json
2025-02-27 18:52:48,717 - INFO - Đã tải dữ liệu tình trạng từ data/tinhtrang.json
2025-02-27 18:52:48,717 - INFO - Đã tải dữ liệu sinh viên từ data/sinhvien.json
2025-02-27 18:52:48,717 - INFO - Đang tải file JSON: data/khoa.json
2025-02-27 18:52:48,717 - INFO - Đã tải dữ liệu khoa từ data/khoa.json
2025-02-27 18:52:48,717 - INFO - Đang tải file JSON: data/chuongtrinh.json
2025-02-27 18:52:48,717 - INFO - Đã tải dữ liệu chương trình từ data/chuongtrinh.json
2025-02-27 18:52:48,717 - INFO - Đang tải file JSON: data/tinhtrang.json
2025-02-27 18:52:48,717 - INFO - Đã tải dữ liệu tình trạng từ data/tinhtrang.json
2025-02-27 18:52:54,055 - INFO - Đang tải file JSON: data/sinhvien.json
2025-02-27 18:52:54,055 - INFO - Đã tải dữ liệu sinh viên từ data/sinhvien.json
2025-02-27 18:52:54,055 - INFO - Đang tải file JSON: data/khoa.json
2025-02-27 18:52:54,055 - INFO - Đã tải dữ liệu khoa từ data/khoa.json
2025-02-27 18:52:54,055 - INFO - Đang tải file JSON: data/chuongtrinh.json
2025-02-27 18:52:54,056 - INFO - Đã tải dữ liệu chương trình từ data/chuongtrinh.json
2025-02-27 18:52:54,056 - INFO - Đang tải file JSON: data/tinhtrang.json
2025-02-27 18:52:54,056 - INFO - Đã tải dữ liệu tình trạng từ data/tinhtrang.json
2025-02-27 18:52:54,056 - INFO - Đã tải dữ liệu sinh viên từ data/sinhvien.json
2025-02-27 18:52:54,056 - INFO - Đang tải file JSON: data/khoa.json
2025-02-27 18:52:54,056 - INFO - Đã tải dữ liệu khoa từ data/khoa.json
2025-02-27 18:52:54,056 - INFO - Đang tải file JSON: data/chuongtrinh.json
2025-02-27 18:52:54,056 - INFO - Đã tải dữ liệu chương trình từ data/chuongtrinh.json
2025-02-27 18:52:54,056 - INFO - Đang tải file JSON: data/tinhtrang.json
2025-02-27 18:52:54,056 - INFO - Đã tải dữ liệu tình trạng từ data/tinhtrang.json
2025-02-27 18:52:57,653 - INFO - Đang tải file JSON: data/sinhvien.json
2025-02-27 18:52:57,653 - INFO - Đã tải dữ liệu sinh viên từ data/sinhvien.json
2025-02-27 18:52:57,653 - INFO - Đang tải file JSON: data/khoa.json
2025-02-27 18:52:57,654 - INFO - Đã tải dữ liệu khoa từ data/khoa.json
2025-02-27 18:52:57,654 - INFO - Đang tải file JSON: data/chuongtrinh.json
2025-02-27 18:52:57,654 - INFO - Đã tải dữ liệu chương trình từ data/chuongtrinh.json
2025-02-27 18:52:57,654 - INFO - Đang tải file JSON: data/tinhtrang.json
2025-02-27 18:52:57,654 - INFO - Đã tải dữ liệu tình trạng từ data/tinhtrang.json
2025-02-27 18:52:57,654 - INFO - Đã tải dữ liệu sinh viên từ data/sinhvien.json
2025-02-27 18:52:57,654 - INFO - Đang tải file JSON: data/khoa.json
2025-02-27 18:52:57,654 - INFO - Đã tải dữ liệu khoa từ data/khoa.json
2025-02-27 18:52:57,654 - INFO - Đang tải file JSON: data/chuongtrinh.json
2025-02-27 18:52:57,654 - INFO - Đã tải dữ liệu chương trình từ data/chuongtrinh.json
2025-02-27 18:52:57,654 - INFO - Đang tải file JSON: data/tinhtrang.json
2025-02-27 18:52:57,655 - INFO - Đã tải dữ liệu tình trạng từ data/tinhtrang.json
2025-02-27 18:52:57,658 - INFO - Ngày sinh hợp lệ: 27/02/2025
2025-02-27 18:52:57,659 - WARNING - Email không hợp lệ: vlvtu22@gmail.com
2025-02-27 18:52:57,659 - WARNING - Email không hợp lệ.
2025-02-27 18:53:36,683 - INFO - Đang tải file JSON: data/sinhvien.json
2025-02-27 18:53:36,684 - INFO - Đã tải dữ liệu sinh viên từ data/sinhvien.json
2025-02-27 18:53:36,684 - INFO - Đang tải file JSON: data/khoa.json
2025-02-27 18:53:36,684 - INFO - Đã tải dữ liệu khoa từ data/khoa.json
2025-02-27 18:53:36,684 - INFO - Đang tải file JSON: data/chuongtrinh.json
2025-02-27 18:53:36,684 - INFO - Đã tải dữ liệu chương trình từ data/chuongtrinh.json
2025-02-27 18:53:36,684 - INFO - Đang tải file JSON: data/tinhtrang.json
2025-02-27 18:53:36,684 - INFO - Đã tải dữ liệu tình trạng từ data/tinhtrang.json
2025-02-27 18:53:36,684 - INFO - Đã tải dữ liệu sinh viên từ data/sinhvien.json
2025-02-27 18:53:36,684 - INFO - Đang tải file JSON: data/khoa.json
2025-02-27 18:53:36,684 - INFO - Đã tải dữ liệu khoa từ data/khoa.json
2025-02-27 18:53:36,684 - INFO - Đang tải file JSON: data/chuongtrinh.json
2025-02-27 18:53:36,684 - INFO - Đã tải dữ liệu chương trình từ data/chuongtrinh.json
2025-02-27 18:53:36,684 - INFO - Đang tải file JSON: data/tinhtrang.json
2025-02-27 18:53:36,684 - INFO - Đã tải dữ liệu tình trạng từ data/tinhtrang.json
2025-02-27 18:53:40,662 - INFO - Đang tải file JSON: data/sinhvien.json
2025-02-27 18:53:40,662 - INFO - Đã tải dữ liệu sinh viên từ data/sinhvien.json
2025-02-27 18:53:40,662 - INFO - Đang tải file JSON: data/khoa.json
2025-02-27 18:53:40,662 - INFO - Đã tải dữ liệu khoa từ data/khoa.json
2025-02-27 18:53:40,662 - INFO - Đang tải file JSON: data/chuongtrinh.json
2025-02-27 18:53:40,662 - INFO - Đã tải dữ liệu chương trình từ data/chuongtrinh.json
2025-02-27 18:53:40,662 - INFO - Đang tải file JSON: data/tinhtrang.json
2025-02-27 18:53:40,662 - INFO - Đã tải dữ liệu tình trạng từ data/tinhtrang.json
2025-02-27 18:53:40,662 - INFO - Đã tải dữ liệu sinh viên từ data/sinhvien.json
2025-02-27 18:53:40,662 - INFO - Đang tải file JSON: data/khoa.json
2025-02-27 18:53:40,662 - INFO - Đã tải dữ liệu khoa từ data/khoa.json
2025-02-27 18:53:40,664 - INFO - Đang tải file JSON: data/chuongtrinh.json
2025-02-27 18:53:40,664 - INFO - Đã tải dữ liệu chương trình từ data/chuongtrinh.json
2025-02-27 18:53:40,664 - INFO - Đang tải file JSON: data/tinhtrang.json
2025-02-27 18:53:40,664 - INFO - Đã tải dữ liệu tình trạng từ data/tinhtrang.json
2025-02-27 18:53:46,494 - INFO - Đang tải file JSON: data/sinhvien.json
2025-02-27 18:53:46,494 - INFO - Đã tải dữ liệu sinh viên từ data/sinhvien.json
2025-02-27 18:53:46,494 - INFO - Đang tải file JSON: data/khoa.json
2025-02-27 18:53:46,495 - INFO - Đã tải dữ liệu khoa từ data/khoa.json
2025-02-27 18:53:46,495 - INFO - Đang tải file JSON: data/chuongtrinh.json
2025-02-27 18:53:46,495 - INFO - Đã tải dữ liệu chương trình từ data/chuongtrinh.json
2025-02-27 18:53:46,495 - INFO - Đang tải file JSON: data/tinhtrang.json
2025-02-27 18:53:46,495 - INFO - Đã tải dữ liệu tình trạng từ data/tinhtrang.json
2025-02-27 18:53:46,495 - INFO - Đã tải dữ liệu sinh viên từ data/sinhvien.json
2025-02-27 18:53:46,495 - INFO - Đang tải file JSON: data/khoa.json
2025-02-27 18:53:46,495 - INFO - Đã tải dữ liệu khoa từ data/khoa.json
2025-02-27 18:53:46,495 - INFO - Đang tải file JSON: data/chuongtrinh.json
2025-02-27 18:53:46,496 - INFO - Đã tải dữ liệu chương trình từ data/chuongtrinh.json
2025-02-27 18:53:46,496 - INFO - Đang tải file JSON: data/tinhtrang.json
2025-02-27 18:53:46,496 - INFO - Đã tải dữ liệu tình trạng từ data/tinhtrang.json
2025-02-27 18:53:46,583 - INFO - Đang tải file JSON: data/sinhvien.json
2025-02-27 18:53:46,583 - INFO - Đã tải dữ liệu sinh viên từ data/sinhvien.json
2025-02-27 18:53:46,583 - INFO - Đang tải file JSON: data/khoa.json
2025-02-27 18:53:46,583 - INFO - Đã tải dữ liệu khoa từ data/khoa.json
2025-02-27 18:53:46,583 - INFO - Đang tải file JSON: data/chuongtrinh.json
2025-02-27 18:53:46,583 - INFO - Đã tải dữ liệu chương trình từ data/chuongtrinh.json
2025-02-27 18:53:46,583 - INFO - Đang tải file JSON: data/tinhtrang.json
2025-02-27 18:53:46,583 - INFO - Đã tải dữ liệu tình trạng từ data/tinhtrang.json
2025-02-27 18:53:46,583 - INFO - Đã tải dữ liệu sinh viên từ data/sinhvien.json
2025-02-27 18:53:46,583 - INFO - Đang tải file JSON: data/khoa.json
2025-02-27 18:53:46,583 - INFO - Đã tải dữ liệu khoa từ data/khoa.json
2025-02-27 18:53:46,583 - INFO - Đang tải file JSON: data/chuongtrinh.json
2025-02-27 18:53:46,583 - INFO - Đã tải dữ liệu chương trình từ data/chuongtrinh.json
2025-02-27 18:53:46,583 - INFO - Đang tải file JSON: data/tinhtrang.json
2025-02-27 18:53:46,583 - INFO - Đã tải dữ liệu tình trạng từ data/tinhtrang.json
2025-02-27 18:53:46,602 - INFO - Ngày sinh hợp lệ: 27/02/2025
2025-02-27 18:53:46,602 - WARNING - Email không hợp lệ: nnnpuyen@example.com
2025-02-27 18:53:46,602 - WARNING - Email không hợp lệ.
2025-02-27 18:54:35,888 - INFO - Đang tải file JSON: data/sinhvien.json
2025-02-27 18:54:35,888 - INFO - Đã tải dữ liệu sinh viên từ data/sinhvien.json
2025-02-27 18:54:35,888 - INFO - Đang tải file JSON: data/khoa.json
2025-02-27 18:54:35,888 - INFO - Đã tải dữ liệu khoa từ data/khoa.json
2025-02-27 18:54:35,888 - INFO - Đang tải file JSON: data/chuongtrinh.json
2025-02-27 18:54:35,888 - INFO - Đã tải dữ liệu chương trình từ data/chuongtrinh.json
2025-02-27 18:54:35,888 - INFO - Đang tải file JSON: data/tinhtrang.json
2025-02-27 18:54:35,888 - INFO - Đã tải dữ liệu tình trạng từ data/tinhtrang.json
2025-02-27 18:54:35,888 - INFO - Đã tải dữ liệu sinh viên từ data/sinhvien.json
2025-02-27 18:54:35,888 - INFO - Đang tải file JSON: data/khoa.json
2025-02-27 18:54:35,888 - INFO - Đã tải dữ liệu khoa từ data/khoa.json
2025-02-27 18:54:35,888 - INFO - Đang tải file JSON: data/chuongtrinh.json
2025-02-27 18:54:35,888 - INFO - Đã tải dữ liệu chương trình từ data/chuongtrinh.json
2025-02-27 18:54:35,888 - INFO - Đang tải file JSON: data/tinhtrang.json
2025-02-27 18:54:35,888 - INFO - Đã tải dữ liệu tình trạng từ data/tinhtrang.json
2025-02-27 18:54:39,763 - INFO - Đang tải file JSON: data/sinhvien.json
2025-02-27 18:54:39,764 - INFO - Đã tải dữ liệu sinh viên từ data/sinhvien.json
2025-02-27 18:54:39,764 - INFO - Đang tải file JSON: data/khoa.json
2025-02-27 18:54:39,764 - INFO - Đã tải dữ liệu khoa từ data/khoa.json
2025-02-27 18:54:39,764 - INFO - Đang tải file JSON: data/chuongtrinh.json
2025-02-27 18:54:39,764 - INFO - Đã tải dữ liệu chương trình từ data/chuongtrinh.json
2025-02-27 18:54:39,764 - INFO - Đang tải file JSON: data/tinhtrang.json
2025-02-27 18:54:39,764 - INFO - Đã tải dữ liệu tình trạng từ data/tinhtrang.json
2025-02-27 18:54:39,764 - INFO - Đã tải dữ liệu sinh viên từ data/sinhvien.json
2025-02-27 18:54:39,764 - INFO - Đang tải file JSON: data/khoa.json
2025-02-27 18:54:39,764 - INFO - Đã tải dữ liệu khoa từ data/khoa.json
2025-02-27 18:54:39,765 - INFO - Đang tải file JSON: data/chuongtrinh.json
2025-02-27 18:54:39,765 - INFO - Đã tải dữ liệu chương trình từ data/chuongtrinh.json
2025-02-27 18:54:39,765 - INFO - Đang tải file JSON: data/tinhtrang.json
2025-02-27 18:54:39,765 - INFO - Đã tải dữ liệu tình trạng từ data/tinhtrang.json
2025-02-27 18:54:45,100 - INFO - Đang tải file JSON: data/sinhvien.json
2025-02-27 18:54:45,100 - INFO - Đã tải dữ liệu sinh viên từ data/sinhvien.json
2025-02-27 18:54:45,100 - INFO - Đang tải file JSON: data/khoa.json
2025-02-27 18:54:45,100 - INFO - Đã tải dữ liệu khoa từ data/khoa.json
2025-02-27 18:54:45,101 - INFO - Đang tải file JSON: data/chuongtrinh.json
2025-02-27 18:54:45,101 - INFO - Đã tải dữ liệu chương trình từ data/chuongtrinh.json
2025-02-27 18:54:45,101 - INFO - Đang tải file JSON: data/tinhtrang.json
2025-02-27 18:54:45,101 - INFO - Đã tải dữ liệu tình trạng từ data/tinhtrang.json
2025-02-27 18:54:45,101 - INFO - Đã tải dữ liệu sinh viên từ data/sinhvien.json
2025-02-27 18:54:45,101 - INFO - Đang tải file JSON: data/khoa.json
2025-02-27 18:54:45,101 - INFO - Đã tải dữ liệu khoa từ data/khoa.json
2025-02-27 18:54:45,101 - INFO - Đang tải file JSON: data/chuongtrinh.json
2025-02-27 18:54:45,101 - INFO - Đã tải dữ liệu chương trình từ data/chuongtrinh.json
2025-02-27 18:54:45,101 - INFO - Đang tải file JSON: data/tinhtrang.json
2025-02-27 18:54:45,101 - INFO - Đã tải dữ liệu tình trạng từ data/tinhtrang.json
2025-02-27 18:54:45,298 - INFO - Đang tải file JSON: data/sinhvien.json
2025-02-27 18:54:45,298 - INFO - Đã tải dữ liệu sinh viên từ data/sinhvien.json
2025-02-27 18:54:45,298 - INFO - Đang tải file JSON: data/khoa.json
2025-02-27 18:54:45,298 - INFO - Đã tải dữ liệu khoa từ data/khoa.json
2025-02-27 18:54:45,298 - INFO - Đang tải file JSON: data/chuongtrinh.json
2025-02-27 18:54:45,298 - INFO - Đã tải dữ liệu chương trình từ data/chuongtrinh.json
2025-02-27 18:54:45,298 - INFO - Đang tải file JSON: data/tinhtrang.json
2025-02-27 18:54:45,298 - INFO - Đã tải dữ liệu tình trạng từ data/tinhtrang.json
2025-02-27 18:54:45,298 - INFO - Đã tải dữ liệu sinh viên từ data/sinhvien.json
2025-02-27 18:54:45,298 - INFO - Đang tải file JSON: data/khoa.json
2025-02-27 18:54:45,298 - INFO - Đã tải dữ liệu khoa từ data/khoa.json
2025-02-27 18:54:45,298 - INFO - Đang tải file JSON: data/chuongtrinh.json
2025-02-27 18:54:45,298 - INFO - Đã tải dữ liệu chương trình từ data/chuongtrinh.json
2025-02-27 18:54:45,298 - INFO - Đang tải file JSON: data/tinhtrang.json
2025-02-27 18:54:45,298 - INFO - Đã tải dữ liệu tình trạng từ data/tinhtrang.json
2025-02-27 18:54:45,313 - INFO - Ngày sinh hợp lệ: 27/02/2025
2025-02-27 18:54:45,313 - WARNING - Email không hợp lệ: nnnpuyen@example.com
2025-02-27 18:54:45,313 - WARNING - Email không hợp lệ.
2025-02-27 18:55:11,400 - INFO - Đang tải file JSON: data/sinhvien.json
2025-02-27 18:55:11,400 - INFO - Đã tải dữ liệu sinh viên từ data/sinhvien.json
2025-02-27 18:55:11,400 - INFO - Đang tải file JSON: data/khoa.json
2025-02-27 18:55:11,400 - INFO - Đã tải dữ liệu khoa từ data/khoa.json
2025-02-27 18:55:11,400 - INFO - Đang tải file JSON: data/chuongtrinh.json
2025-02-27 18:55:11,400 - INFO - Đã tải dữ liệu chương trình từ data/chuongtrinh.json
2025-02-27 18:55:11,400 - INFO - Đang tải file JSON: data/tinhtrang.json
2025-02-27 18:55:11,400 - INFO - Đã tải dữ liệu tình trạng từ data/tinhtrang.json
2025-02-27 18:55:11,400 - INFO - Đã tải dữ liệu sinh viên từ data/sinhvien.json
2025-02-27 18:55:11,400 - INFO - Đang tải file JSON: data/khoa.json
2025-02-27 18:55:11,400 - INFO - Đã tải dữ liệu khoa từ data/khoa.json
2025-02-27 18:55:11,400 - INFO - Đang tải file JSON: data/chuongtrinh.json
2025-02-27 18:55:11,400 - INFO - Đã tải dữ liệu chương trình từ data/chuongtrinh.json
2025-02-27 18:55:11,400 - INFO - Đang tải file JSON: data/tinhtrang.json
2025-02-27 18:55:11,400 - INFO - Đã tải dữ liệu tình trạng từ data/tinhtrang.json
2025-02-27 18:55:14,597 - INFO - Đang tải file JSON: data/sinhvien.json
2025-02-27 18:55:14,597 - INFO - Đã tải dữ liệu sinh viên từ data/sinhvien.json
2025-02-27 18:55:14,597 - INFO - Đang tải file JSON: data/khoa.json
2025-02-27 18:55:14,597 - INFO - Đã tải dữ liệu khoa từ data/khoa.json
2025-02-27 18:55:14,597 - INFO - Đang tải file JSON: data/chuongtrinh.json
2025-02-27 18:55:14,597 - INFO - Đã tải dữ liệu chương trình từ data/chuongtrinh.json
2025-02-27 18:55:14,597 - INFO - Đang tải file JSON: data/tinhtrang.json
2025-02-27 18:55:14,597 - INFO - Đã tải dữ liệu tình trạng từ data/tinhtrang.json
2025-02-27 18:55:14,597 - INFO - Đã tải dữ liệu sinh viên từ data/sinhvien.json
2025-02-27 18:55:14,597 - INFO - Đang tải file JSON: data/khoa.json
2025-02-27 18:55:14,597 - INFO - Đã tải dữ liệu khoa từ data/khoa.json
2025-02-27 18:55:14,597 - INFO - Đang tải file JSON: data/chuongtrinh.json
2025-02-27 18:55:14,597 - INFO - Đã tải dữ liệu chương trình từ data/chuongtrinh.json
2025-02-27 18:55:14,597 - INFO - Đang tải file JSON: data/tinhtrang.json
2025-02-27 18:55:14,597 - INFO - Đã tải dữ liệu tình trạng từ data/tinhtrang.json
2025-02-27 18:55:20,125 - INFO - Đang tải file JSON: data/sinhvien.json
2025-02-27 18:55:20,126 - INFO - Đã tải dữ liệu sinh viên từ data/sinhvien.json
2025-02-27 18:55:20,126 - INFO - Đang tải file JSON: data/khoa.json
2025-02-27 18:55:20,126 - INFO - Đã tải dữ liệu khoa từ data/khoa.json
2025-02-27 18:55:20,126 - INFO - Đang tải file JSON: data/chuongtrinh.json
2025-02-27 18:55:20,126 - INFO - Đã tải dữ liệu chương trình từ data/chuongtrinh.json
2025-02-27 18:55:20,126 - INFO - Đang tải file JSON: data/tinhtrang.json
2025-02-27 18:55:20,126 - INFO - Đã tải dữ liệu tình trạng từ data/tinhtrang.json
2025-02-27 18:55:20,126 - INFO - Đã tải dữ liệu sinh viên từ data/sinhvien.json
2025-02-27 18:55:20,126 - INFO - Đang tải file JSON: data/khoa.json
2025-02-27 18:55:20,126 - INFO - Đã tải dữ liệu khoa từ data/khoa.json
2025-02-27 18:55:20,127 - INFO - Đang tải file JSON: data/chuongtrinh.json
2025-02-27 18:55:20,127 - INFO - Đã tải dữ liệu chương trình từ data/chuongtrinh.json
2025-02-27 18:55:20,127 - INFO - Đang tải file JSON: data/tinhtrang.json
2025-02-27 18:55:20,127 - INFO - Đã tải dữ liệu tình trạng từ data/tinhtrang.json
2025-02-27 18:55:20,220 - INFO - Đang tải file JSON: data/sinhvien.json
2025-02-27 18:55:20,220 - INFO - Đã tải dữ liệu sinh viên từ data/sinhvien.json
2025-02-27 18:55:20,220 - INFO - Đang tải file JSON: data/khoa.json
2025-02-27 18:55:20,220 - INFO - Đã tải dữ liệu khoa từ data/khoa.json
2025-02-27 18:55:20,220 - INFO - Đang tải file JSON: data/chuongtrinh.json
2025-02-27 18:55:20,220 - INFO - Đã tải dữ liệu chương trình từ data/chuongtrinh.json
2025-02-27 18:55:20,220 - INFO - Đang tải file JSON: data/tinhtrang.json
2025-02-27 18:55:20,220 - INFO - Đã tải dữ liệu tình trạng từ data/tinhtrang.json
2025-02-27 18:55:20,220 - INFO - Đã tải dữ liệu sinh viên từ data/sinhvien.json
2025-02-27 18:55:20,220 - INFO - Đang tải file JSON: data/khoa.json
2025-02-27 18:55:20,220 - INFO - Đã tải dữ liệu khoa từ data/khoa.json
2025-02-27 18:55:20,220 - INFO - Đang tải file JSON: data/chuongtrinh.json
2025-02-27 18:55:20,220 - INFO - Đã tải dữ liệu chương trình từ data/chuongtrinh.json
2025-02-27 18:55:20,220 - INFO - Đang tải file JSON: data/tinhtrang.json
2025-02-27 18:55:20,220 - INFO - Đã tải dữ liệu tình trạng từ data/tinhtrang.json
2025-02-27 18:55:20,220 - INFO - Ngày sinh hợp lệ: 27/02/2025
2025-02-27 18:55:20,220 - WARNING - Email không hợp lệ: nnnpuyen@example.com
2025-02-27 18:55:20,220 - WARNING - Email không hợp lệ.
2025-02-27 18:56:06,488 - INFO - Đang tải file JSON: data/sinhvien.json
2025-02-27 18:56:06,488 - INFO - Đã tải dữ liệu sinh viên từ data/sinhvien.json
2025-02-27 18:56:06,489 - INFO - Đang tải file JSON: data/khoa.json
2025-02-27 18:56:06,489 - INFO - Đã tải dữ liệu khoa từ data/khoa.json
2025-02-27 18:56:06,489 - INFO - Đang tải file JSON: data/chuongtrinh.json
2025-02-27 18:56:06,489 - INFO - Đã tải dữ liệu chương trình từ data/chuongtrinh.json
2025-02-27 18:56:06,489 - INFO - Đang tải file JSON: data/tinhtrang.json
2025-02-27 18:56:06,489 - INFO - Đã tải dữ liệu tình trạng từ data/tinhtrang.json
2025-02-27 18:56:06,489 - INFO - Đã tải dữ liệu sinh viên từ data/sinhvien.json
2025-02-27 18:56:06,489 - INFO - Đang tải file JSON: data/khoa.json
2025-02-27 18:56:06,489 - INFO - Đã tải dữ liệu khoa từ data/khoa.json
2025-02-27 18:56:06,489 - INFO - Đang tải file JSON: data/chuongtrinh.json
2025-02-27 18:56:06,489 - INFO - Đã tải dữ liệu chương trình từ data/chuongtrinh.json
2025-02-27 18:56:06,489 - INFO - Đang tải file JSON: data/tinhtrang.json
2025-02-27 18:56:06,490 - INFO - Đã tải dữ liệu tình trạng từ data/tinhtrang.json
2025-02-27 18:56:09,813 - INFO - Đang tải file JSON: data/sinhvien.json
2025-02-27 18:56:09,813 - INFO - Đã tải dữ liệu sinh viên từ data/sinhvien.json
2025-02-27 18:56:09,813 - INFO - Đang tải file JSON: data/khoa.json
2025-02-27 18:56:09,813 - INFO - Đã tải dữ liệu khoa từ data/khoa.json
2025-02-27 18:56:09,813 - INFO - Đang tải file JSON: data/chuongtrinh.json
2025-02-27 18:56:09,813 - INFO - Đã tải dữ liệu chương trình từ data/chuongtrinh.json
2025-02-27 18:56:09,813 - INFO - Đang tải file JSON: data/tinhtrang.json
2025-02-27 18:56:09,813 - INFO - Đã tải dữ liệu tình trạng từ data/tinhtrang.json
2025-02-27 18:56:09,813 - INFO - Đã tải dữ liệu sinh viên từ data/sinhvien.json
2025-02-27 18:56:09,813 - INFO - Đang tải file JSON: data/khoa.json
2025-02-27 18:56:09,813 - INFO - Đã tải dữ liệu khoa từ data/khoa.json
2025-02-27 18:56:09,813 - INFO - Đang tải file JSON: data/chuongtrinh.json
2025-02-27 18:56:09,813 - INFO - Đã tải dữ liệu chương trình từ data/chuongtrinh.json
2025-02-27 18:56:09,813 - INFO - Đang tải file JSON: data/tinhtrang.json
2025-02-27 18:56:09,813 - INFO - Đã tải dữ liệu tình trạng từ data/tinhtrang.json
2025-02-27 18:56:15,703 - INFO - Đang tải file JSON: data/sinhvien.json
2025-02-27 18:56:15,703 - INFO - Đã tải dữ liệu sinh viên từ data/sinhvien.json
2025-02-27 18:56:15,703 - INFO - Đang tải file JSON: data/khoa.json
2025-02-27 18:56:15,703 - INFO - Đã tải dữ liệu khoa từ data/khoa.json
2025-02-27 18:56:15,703 - INFO - Đang tải file JSON: data/chuongtrinh.json
2025-02-27 18:56:15,703 - INFO - Đã tải dữ liệu chương trình từ data/chuongtrinh.json
2025-02-27 18:56:15,703 - INFO - Đang tải file JSON: data/tinhtrang.json
2025-02-27 18:56:15,703 - INFO - Đã tải dữ liệu tình trạng từ data/tinhtrang.json
2025-02-27 18:56:15,703 - INFO - Đã tải dữ liệu sinh viên từ data/sinhvien.json
2025-02-27 18:56:15,703 - INFO - Đang tải file JSON: data/khoa.json
2025-02-27 18:56:15,703 - INFO - Đã tải dữ liệu khoa từ data/khoa.json
2025-02-27 18:56:15,703 - INFO - Đang tải file JSON: data/chuongtrinh.json
2025-02-27 18:56:15,703 - INFO - Đã tải dữ liệu chương trình từ data/chuongtrinh.json
2025-02-27 18:56:15,703 - INFO - Đang tải file JSON: data/tinhtrang.json
2025-02-27 18:56:15,703 - INFO - Đã tải dữ liệu tình trạng từ data/tinhtrang.json
2025-02-27 18:56:15,919 - INFO - Đang tải file JSON: data/sinhvien.json
2025-02-27 18:56:15,919 - INFO - Đã tải dữ liệu sinh viên từ data/sinhvien.json
2025-02-27 18:56:15,919 - INFO - Đang tải file JSON: data/khoa.json
2025-02-27 18:56:15,919 - INFO - Đã tải dữ liệu khoa từ data/khoa.json
2025-02-27 18:56:15,919 - INFO - Đang tải file JSON: data/chuongtrinh.json
2025-02-27 18:56:15,919 - INFO - Đã tải dữ liệu chương trình từ data/chuongtrinh.json
2025-02-27 18:56:15,919 - INFO - Đang tải file JSON: data/tinhtrang.json
2025-02-27 18:56:15,919 - INFO - Đã tải dữ liệu tình trạng từ data/tinhtrang.json
2025-02-27 18:56:15,919 - INFO - Đã tải dữ liệu sinh viên từ data/sinhvien.json
2025-02-27 18:56:15,919 - INFO - Đang tải file JSON: data/khoa.json
2025-02-27 18:56:15,919 - INFO - Đã tải dữ liệu khoa từ data/khoa.json
2025-02-27 18:56:15,919 - INFO - Đang tải file JSON: data/chuongtrinh.json
2025-02-27 18:56:15,919 - INFO - Đã tải dữ liệu chương trình từ data/chuongtrinh.json
2025-02-27 18:56:15,919 - INFO - Đang tải file JSON: data/tinhtrang.json
2025-02-27 18:56:15,919 - INFO - Đã tải dữ liệu tình trạng từ data/tinhtrang.json
2025-02-27 18:56:15,930 - INFO - Ngày sinh hợp lệ: 27/02/2025
2025-02-27 18:56:15,930 - WARNING - Email không hợp lệ: nnnpuyen@example.com
2025-02-27 18:56:15,930 - WARNING - Email không hợp lệ.
2025-02-27 18:59:27,837 - INFO - Đang tải file JSON: data/sinhvien.json
2025-02-27 18:59:27,837 - INFO - Đã tải dữ liệu sinh viên từ data/sinhvien.json
2025-02-27 18:59:27,838 - INFO - Đang tải file JSON: data/khoa.json
2025-02-27 18:59:27,838 - INFO - Đã tải dữ liệu khoa từ data/khoa.json
2025-02-27 18:59:27,838 - INFO - Đang tải file JSON: data/chuongtrinh.json
2025-02-27 18:59:27,838 - INFO - Đã tải dữ liệu chương trình từ data/chuongtrinh.json
2025-02-27 18:59:27,838 - INFO - Đang tải file JSON: data/tinhtrang.json
2025-02-27 18:59:27,838 - INFO - Đã tải dữ liệu tình trạng từ data/tinhtrang.json
2025-02-27 18:59:27,838 - INFO - Đã tải dữ liệu sinh viên từ data/sinhvien.json
2025-02-27 18:59:27,838 - INFO - Đang tải file JSON: data/khoa.json
2025-02-27 18:59:27,838 - INFO - Đã tải dữ liệu khoa từ data/khoa.json
2025-02-27 18:59:27,838 - INFO - Đang tải file JSON: data/chuongtrinh.json
2025-02-27 18:59:27,838 - INFO - Đã tải dữ liệu chương trình từ data/chuongtrinh.json
2025-02-27 18:59:27,838 - INFO - Đang tải file JSON: data/tinhtrang.json
2025-02-27 18:59:27,838 - INFO - Đã tải dữ liệu tình trạng từ data/tinhtrang.json
2025-02-27 18:59:30,491 - INFO - Đang tải file JSON: data/sinhvien.json
2025-02-27 18:59:30,491 - INFO - Đã tải dữ liệu sinh viên từ data/sinhvien.json
2025-02-27 18:59:30,492 - INFO - Đang tải file JSON: data/khoa.json
2025-02-27 18:59:30,492 - INFO - Đã tải dữ liệu khoa từ data/khoa.json
2025-02-27 18:59:30,492 - INFO - Đang tải file JSON: data/chuongtrinh.json
2025-02-27 18:59:30,492 - INFO - Đã tải dữ liệu chương trình từ data/chuongtrinh.json
2025-02-27 18:59:30,492 - INFO - Đang tải file JSON: data/tinhtrang.json
2025-02-27 18:59:30,492 - INFO - Đã tải dữ liệu tình trạng từ data/tinhtrang.json
2025-02-27 18:59:30,492 - INFO - Đã tải dữ liệu sinh viên từ data/sinhvien.json
2025-02-27 18:59:30,492 - INFO - Đang tải file JSON: data/khoa.json
2025-02-27 18:59:30,492 - INFO - Đã tải dữ liệu khoa từ data/khoa.json
2025-02-27 18:59:30,492 - INFO - Đang tải file JSON: data/chuongtrinh.json
2025-02-27 18:59:30,492 - INFO - Đã tải dữ liệu chương trình từ data/chuongtrinh.json
2025-02-27 18:59:30,493 - INFO - Đang tải file JSON: data/tinhtrang.json
2025-02-27 18:59:30,493 - INFO - Đã tải dữ liệu tình trạng từ data/tinhtrang.json
2025-02-27 18:59:35,354 - INFO - Đang tải file JSON: data/sinhvien.json
2025-02-27 18:59:35,354 - INFO - Đã tải dữ liệu sinh viên từ data/sinhvien.json
2025-02-27 18:59:35,354 - INFO - Đang tải file JSON: data/khoa.json
2025-02-27 18:59:35,354 - INFO - Đã tải dữ liệu khoa từ data/khoa.json
2025-02-27 18:59:35,354 - INFO - Đang tải file JSON: data/chuongtrinh.json
2025-02-27 18:59:35,354 - INFO - Đã tải dữ liệu chương trình từ data/chuongtrinh.json
2025-02-27 18:59:35,354 - INFO - Đang tải file JSON: data/tinhtrang.json
2025-02-27 18:59:35,354 - INFO - Đã tải dữ liệu tình trạng từ data/tinhtrang.json
2025-02-27 18:59:35,354 - INFO - Đã tải dữ liệu sinh viên từ data/sinhvien.json
2025-02-27 18:59:35,354 - INFO - Đang tải file JSON: data/khoa.json
2025-02-27 18:59:35,354 - INFO - Đã tải dữ liệu khoa từ data/khoa.json
2025-02-27 18:59:35,354 - INFO - Đang tải file JSON: data/chuongtrinh.json
2025-02-27 18:59:35,354 - INFO - Đã tải dữ liệu chương trình từ data/chuongtrinh.json
2025-02-27 18:59:35,354 - INFO - Đang tải file JSON: data/tinhtrang.json
2025-02-27 18:59:35,354 - INFO - Đã tải dữ liệu tình trạng từ data/tinhtrang.json
2025-02-27 18:59:35,461 - INFO - Đang tải file JSON: data/sinhvien.json
2025-02-27 18:59:35,461 - INFO - Đã tải dữ liệu sinh viên từ data/sinhvien.json
2025-02-27 18:59:35,461 - INFO - Đang tải file JSON: data/khoa.json
2025-02-27 18:59:35,461 - INFO - Đã tải dữ liệu khoa từ data/khoa.json
2025-02-27 18:59:35,461 - INFO - Đang tải file JSON: data/chuongtrinh.json
2025-02-27 18:59:35,461 - INFO - Đã tải dữ liệu chương trình từ data/chuongtrinh.json
2025-02-27 18:59:35,461 - INFO - Đang tải file JSON: data/tinhtrang.json
2025-02-27 18:59:35,461 - INFO - Đã tải dữ liệu tình trạng từ data/tinhtrang.json
2025-02-27 18:59:35,461 - INFO - Đã tải dữ liệu sinh viên từ data/sinhvien.json
2025-02-27 18:59:35,461 - INFO - Đang tải file JSON: data/khoa.json
2025-02-27 18:59:35,461 - INFO - Đã tải dữ liệu khoa từ data/khoa.json
2025-02-27 18:59:35,461 - INFO - Đang tải file JSON: data/chuongtrinh.json
2025-02-27 18:59:35,461 - INFO - Đã tải dữ liệu chương trình từ data/chuongtrinh.json
2025-02-27 18:59:35,461 - INFO - Đang tải file JSON: data/tinhtrang.json
2025-02-27 18:59:35,461 - INFO - Đã tải dữ liệu tình trạng từ data/tinhtrang.json
2025-02-27 18:59:35,461 - INFO - Đã lưu file JSON: data/sinhvien.json
2025-02-27 18:59:35,461 - INFO - Đã lưu dữ liệu sinh viên vào data/sinhvien.json
2025-02-27 18:59:35,461 - INFO - Đã xóa sinh viên có MSSV SV004
2025-02-27 18:59:39,146 - INFO - Đang tải file JSON: data/sinhvien.json
2025-02-27 18:59:39,146 - INFO - Đã tải dữ liệu sinh viên từ data/sinhvien.json
2025-02-27 18:59:39,146 - INFO - Đang tải file JSON: data/khoa.json
2025-02-27 18:59:39,146 - INFO - Đã tải dữ liệu khoa từ data/khoa.json
2025-02-27 18:59:39,146 - INFO - Đang tải file JSON: data/chuongtrinh.json
2025-02-27 18:59:39,147 - INFO - Đã tải dữ liệu chương trình từ data/chuongtrinh.json
2025-02-27 18:59:39,147 - INFO - Đang tải file JSON: data/tinhtrang.json
2025-02-27 18:59:39,147 - INFO - Đã tải dữ liệu tình trạng từ data/tinhtrang.json
2025-02-27 18:59:39,147 - INFO - Đã tải dữ liệu sinh viên từ data/sinhvien.json
2025-02-27 18:59:39,147 - INFO - Đang tải file JSON: data/khoa.json
2025-02-27 18:59:39,147 - INFO - Đã tải dữ liệu khoa từ data/khoa.json
2025-02-27 18:59:39,147 - INFO - Đang tải file JSON: data/chuongtrinh.json
2025-02-27 18:59:39,147 - INFO - Đã tải dữ liệu chương trình từ data/chuongtrinh.json
2025-02-27 18:59:39,147 - INFO - Đang tải file JSON: data/tinhtrang.json
2025-02-27 18:59:39,147 - INFO - Đã tải dữ liệu tình trạng từ data/tinhtrang.json
2025-02-27 18:59:39,149 - INFO - Đã hiển thị danh sách sinh viên.
